<?xml version="1.0" encoding="UTF-8"?>
<robot generator="Robot 4.0.3 (Python 3.9.5 on win32)" generated="20210617 12:41:16.747" rpa="false" schemaversion="2">
<suite id="s1" name="Zad5" source="C:\Users\kasia\OneDrive\Dokumenty\GitHub\UWR_II\TestowanieGier\Lista8\zadanie5\zad5.robot">
<test id="s1-t1" name="Test1">
<kw name="Create Webdriver" library="SeleniumLibrary">
<arg>${BROWSER}</arg>
<arg>executable_path=${DRIVER}</arg>
<doc>Creates an instance of Selenium WebDriver.</doc>
<msg timestamp="20210617 12:41:17.062" level="INFO">Creating an instance of the Chrome WebDriver.</msg>
<status status="PASS" starttime="20210617 12:41:17.061" endtime="20210617 12:41:18.770"/>
</kw>
<kw name="Go To" library="SeleniumLibrary">
<arg>${URL}</arg>
<doc>Navigates the current browser window to the provided ``url``.</doc>
<msg timestamp="20210617 12:41:18.771" level="INFO">Opening url 'file:///C:/Users/kasia/OneDrive/Pulpit/aaa/page/index.html'</msg>
<status status="PASS" starttime="20210617 12:41:18.771" endtime="20210617 12:41:18.993"/>
</kw>
<kw name="Get Title" library="SeleniumLibrary">
<var>${var1}</var>
<doc>Returns the title of the current page.</doc>
<msg timestamp="20210617 12:41:19.009" level="INFO">${var1} = Home</msg>
<status status="PASS" starttime="20210617 12:41:18.993" endtime="20210617 12:41:19.009"/>
</kw>
<kw name="Should Be Equal To Or" library="Modul">
<arg>${var1}</arg>
<arg>home</arg>
<arg>Home</arg>
<status status="PASS" starttime="20210617 12:41:19.010" endtime="20210617 12:41:19.010"/>
</kw>
<kw name="Close Browser" library="SeleniumLibrary">
<doc>Closes the current browser.</doc>
<status status="PASS" starttime="20210617 12:41:19.010" endtime="20210617 12:41:21.341"/>
</kw>
<status status="PASS" starttime="20210617 12:41:17.060" endtime="20210617 12:41:21.343"/>
</test>
<test id="s1-t2" name="Test2">
<kw name="Create Webdriver" library="SeleniumLibrary">
<arg>${BROWSER}</arg>
<arg>executable_path=${DRIVER}</arg>
<doc>Creates an instance of Selenium WebDriver.</doc>
<msg timestamp="20210617 12:41:21.353" level="INFO">Creating an instance of the Chrome WebDriver.</msg>
<status status="PASS" starttime="20210617 12:41:21.351" endtime="20210617 12:41:22.844"/>
</kw>
<kw name="Go To" library="SeleniumLibrary">
<arg>${URL}</arg>
<doc>Navigates the current browser window to the provided ``url``.</doc>
<msg timestamp="20210617 12:41:22.845" level="INFO">Opening url 'file:///C:/Users/kasia/OneDrive/Pulpit/aaa/page/index.html'</msg>
<status status="PASS" starttime="20210617 12:41:22.845" endtime="20210617 12:41:23.066"/>
</kw>
<kw name="Click Element" library="SeleniumLibrary">
<arg>xpath: //*[contains(text(), "Contact")]</arg>
<doc>Click the element identified by ``locator``.</doc>
<msg timestamp="20210617 12:41:23.069" level="INFO">Clicking element 'xpath: //*[contains(text(), "Contact")]'.</msg>
<status status="PASS" starttime="20210617 12:41:23.068" endtime="20210617 12:41:23.282"/>
</kw>
<kw name="Get Title" library="SeleniumLibrary">
<var>${var1}</var>
<doc>Returns the title of the current page.</doc>
<msg timestamp="20210617 12:41:23.294" level="INFO">${var1} = Contact</msg>
<status status="PASS" starttime="20210617 12:41:23.283" endtime="20210617 12:41:23.294"/>
</kw>
<kw name="Should Be Equal To Or" library="Modul">
<arg>${var1}</arg>
<arg>Contact</arg>
<arg>contact</arg>
<status status="PASS" starttime="20210617 12:41:23.295" endtime="20210617 12:41:23.295"/>
</kw>
<kw name="Close Browser" library="SeleniumLibrary">
<doc>Closes the current browser.</doc>
<status status="PASS" starttime="20210617 12:41:23.296" endtime="20210617 12:41:25.531"/>
</kw>
<status status="PASS" starttime="20210617 12:41:21.347" endtime="20210617 12:41:25.534"/>
</test>
<status status="PASS" starttime="20210617 12:41:16.752" endtime="20210617 12:41:25.539"/>
</suite>
<statistics>
<total>
<stat pass="2" fail="0" skip="0">All Tests</stat>
</total>
<tag>
</tag>
<suite>
<stat pass="2" fail="0" skip="0" id="s1" name="Zad5">Zad5</stat>
</suite>
</statistics>
<errors>
</errors>
</robot>
