<?xml version="1.0" encoding="UTF-8"?>
<robot generator="Robot 4.0.3 (Python 3.9.5 on win32)" generated="20210617 16:22:12.474" rpa="false" schemaversion="2">
<suite id="s1" name="Zad5" source="C:\Users\kasia\OneDrive\Dokumenty\GitHub\UWR_II\TestowanieGier\Lista8\zadanie5\zad5.robot">
<test id="s1-t1" name="Test1">
<kw name="Create Webdriver" library="SeleniumLibrary">
<arg>${BROWSER}</arg>
<arg>executable_path=${DRIVER}</arg>
<doc>Creates an instance of Selenium WebDriver.</doc>
<msg timestamp="20210617 16:22:12.844" level="INFO">Creating an instance of the Chrome WebDriver.</msg>
<status status="PASS" starttime="20210617 16:22:12.843" endtime="20210617 16:22:15.270"/>
</kw>
<kw name="Go To" library="SeleniumLibrary">
<arg>${URL}</arg>
<doc>Navigates the current browser window to the provided ``url``.</doc>
<msg timestamp="20210617 16:22:15.274" level="INFO">Opening url 'file:///C:/Users/kasia/OneDrive/Pulpit/aaa/page/index.html'</msg>
<status status="PASS" starttime="20210617 16:22:15.270" endtime="20210617 16:22:15.675"/>
</kw>
<kw name="Get Title" library="SeleniumLibrary">
<var>${var1}</var>
<doc>Returns the title of the current page.</doc>
<msg timestamp="20210617 16:22:15.710" level="INFO">${var1} = Home</msg>
<status status="PASS" starttime="20210617 16:22:15.685" endtime="20210617 16:22:15.710"/>
</kw>
<kw name="Should Be Equal To Or" library="Modul">
<arg>${var1}</arg>
<arg>home</arg>
<arg>Home</arg>
<status status="PASS" starttime="20210617 16:22:15.725" endtime="20210617 16:22:15.726"/>
</kw>
<kw name="Close Browser" library="SeleniumLibrary">
<doc>Closes the current browser.</doc>
<status status="PASS" starttime="20210617 16:22:15.727" endtime="20210617 16:22:18.218"/>
</kw>
<status status="PASS" starttime="20210617 16:22:12.841" endtime="20210617 16:22:18.219"/>
</test>
<test id="s1-t2" name="Test2">
<kw name="Create Webdriver" library="SeleniumLibrary">
<arg>${BROWSER}</arg>
<arg>executable_path=${DRIVER}</arg>
<doc>Creates an instance of Selenium WebDriver.</doc>
<msg timestamp="20210617 16:22:18.224" level="INFO">Creating an instance of the Chrome WebDriver.</msg>
<status status="PASS" starttime="20210617 16:22:18.223" endtime="20210617 16:22:19.780"/>
</kw>
<kw name="Go To" library="SeleniumLibrary">
<arg>${URL}</arg>
<doc>Navigates the current browser window to the provided ``url``.</doc>
<msg timestamp="20210617 16:22:19.819" level="INFO">Opening url 'file:///C:/Users/kasia/OneDrive/Pulpit/aaa/page/index.html'</msg>
<status status="PASS" starttime="20210617 16:22:19.818" endtime="20210617 16:22:20.218"/>
</kw>
<kw name="Click Element" library="SeleniumLibrary">
<arg>xpath: //*[contains(text(), "Contact")]</arg>
<doc>Click the element identified by ``locator``.</doc>
<msg timestamp="20210617 16:22:20.223" level="INFO">Clicking element 'xpath: //*[contains(text(), "Contact")]'.</msg>
<status status="PASS" starttime="20210617 16:22:20.219" endtime="20210617 16:22:20.552"/>
</kw>
<kw name="Get Title" library="SeleniumLibrary">
<var>${var1}</var>
<doc>Returns the title of the current page.</doc>
<msg timestamp="20210617 16:22:20.600" level="INFO">${var1} = Contact</msg>
<status status="PASS" starttime="20210617 16:22:20.567" endtime="20210617 16:22:20.600"/>
</kw>
<kw name="Should Be Equal To Or" library="Modul">
<arg>${var1}</arg>
<arg>Contact</arg>
<arg>contact</arg>
<status status="PASS" starttime="20210617 16:22:20.601" endtime="20210617 16:22:20.602"/>
</kw>
<kw name="Close Browser" library="SeleniumLibrary">
<doc>Closes the current browser.</doc>
<status status="PASS" starttime="20210617 16:22:20.603" endtime="20210617 16:22:23.163"/>
</kw>
<status status="PASS" starttime="20210617 16:22:18.221" endtime="20210617 16:22:23.165"/>
</test>
<status status="PASS" starttime="20210617 16:22:12.476" endtime="20210617 16:22:23.170"/>
</suite>
<statistics>
<total>
<stat pass="2" fail="0" skip="0">All Tests</stat>
</total>
<tag>
</tag>
<suite>
<stat pass="2" fail="0" skip="0" id="s1" name="Zad5">Zad5</stat>
</suite>
</statistics>
<errors>
</errors>
</robot>
