<?xml version="1.0" encoding="UTF-8"?>
<robot generator="Robot 4.0.3 (Python 3.9.5 on win32)" generated="20210617 11:43:10.714" rpa="false" schemaversion="2">
<suite id="s1" name="Lista" source="C:\Users\kasia\OneDrive\Dokumenty\GitHub\UWR_II\TestowanieGier\Lista8\lista.robot">
<test id="s1-t1" name="Zadanie4">
<kw name="Create Webdriver" library="SeleniumLibrary">
<arg>${BROWSER}</arg>
<arg>executable_path=${DRIVER}</arg>
<doc>Creates an instance of Selenium WebDriver.</doc>
<msg timestamp="20210617 11:43:10.931" level="INFO">Creating an instance of the Chrome WebDriver.</msg>
<status status="PASS" starttime="20210617 11:43:10.930" endtime="20210617 11:43:12.373"/>
</kw>
<kw name="Go To" library="SeleniumLibrary">
<arg>${URL}</arg>
<doc>Navigates the current browser window to the provided ``url``.</doc>
<msg timestamp="20210617 11:43:12.374" level="INFO">Opening url 'file:///C:/Users/kasia/OneDrive/Pulpit/aaa/page/index.html'</msg>
<status status="PASS" starttime="20210617 11:43:12.374" endtime="20210617 11:43:12.569"/>
</kw>
<kw name="Get WebElements" library="SeleniumLibrary">
<var>@{var}</var>
<arg>xpath: //div[@class='container']</arg>
<doc>Returns a list of WebElement objects matching the ``locator``.</doc>
<msg timestamp="20210617 11:43:12.614" level="INFO">@{var} = [ &lt;selenium.webdriver.remote.webelement.WebElement (session="6b82944ec05b3ab412d32fa337086d4c", element="bc3a6f40-62d2-413b-b709-233d5116aad0")&gt; ]</msg>
<status status="PASS" starttime="20210617 11:43:12.593" endtime="20210617 11:43:12.614"/>
</kw>
<kw name="Get Element Attribute" library="SeleniumLibrary">
<var>${x}</var>
<arg>${var}</arg>
<arg>a</arg>
<doc>Returns the value of ``attribute`` from the element ``locator``.</doc>
<msg timestamp="20210617 11:43:12.638" level="INFO">${x} = None</msg>
<status status="PASS" starttime="20210617 11:43:12.627" endtime="20210617 11:43:12.638"/>
</kw>
<kw name="Log To Console" library="BuiltIn">
<arg>${x}</arg>
<doc>Logs the given message to the console.</doc>
<status status="PASS" starttime="20210617 11:43:12.642" endtime="20210617 11:43:12.644"/>
</kw>
<kw name="Close Browser" library="SeleniumLibrary">
<doc>Closes the current browser.</doc>
<status status="PASS" starttime="20210617 11:43:12.652" endtime="20210617 11:43:15.104"/>
</kw>
<status status="PASS" starttime="20210617 11:43:10.929" endtime="20210617 11:43:15.104"/>
</test>
<status status="PASS" starttime="20210617 11:43:10.714" endtime="20210617 11:43:15.112"/>
</suite>
<statistics>
<total>
<stat pass="1" fail="0" skip="0">All Tests</stat>
</total>
<tag>
</tag>
<suite>
<stat pass="1" fail="0" skip="0" id="s1" name="Lista">Lista</stat>
</suite>
</statistics>
<errors>
</errors>
</robot>
